<?xml version="1.0" encoding="UTF-8"?>
<testng-results skipped="0" failed="0" ignored="0" total="1" passed="1">
  <reporter-output>
  </reporter-output>
  <suite name="Default suite" duration-ms="2806" started-at="2020-05-16T02:02:12 IST" finished-at="2020-05-16T02:02:14 IST">
    <groups>
    </groups>
    <test name="Default test" duration-ms="2806" started-at="2020-05-16T02:02:12 IST" finished-at="2020-05-16T02:02:14 IST">
      <class name="com.qa.testapi.PostApiTest">
        <test-method status="PASS" signature="setup()[pri:0, instance:com.qa.testapi.PostApiTest@50b494a6]" name="setup" is-config="true" duration-ms="13" started-at="2020-05-16T02:02:12 IST" finished-at="2020-05-16T02:02:12 IST">
          <reporter-output>
          </reporter-output>
        </test-method> <!-- setup -->
        <test-method status="PASS" signature="postApiTest()[pri:0, instance:com.qa.testapi.PostApiTest@50b494a6]" name="postApiTest" duration-ms="2722" started-at="2020-05-16T02:02:12 IST" finished-at="2020-05-16T02:02:14 IST">
          <reporter-output>
          </reporter-output>
        </test-method> <!-- postApiTest -->
      </class> <!-- com.qa.testapi.PostApiTest -->
    </test> <!-- Default test -->
  </suite> <!-- Default suite -->
</testng-results>
